[main] INFO  ecomm  - ***************Test Execution Starts********************
[TestNG] INFO  ecomm  - ***************Test Case Execution Starts********************
[TestNG] INFO  ecomm  - ***************Test Case Execution Starts********************
[TestNG] INFO  ecomm  - ***************Test Case Execution Starts********************
[TestNG] INFO  ecomm  - ***************Test Case Execution Starts********************
[main] INFO  ecomm  - ***************Test Execution End***********************
[main] INFO  ecomm  - ***************Test Execution Starts********************
[TestNG] INFO  ecomm  - ***************Test Case Execution Starts********************
[TestNG] INFO  ecomm  - ***************Test Case Execution Starts********************
[TestNG] INFO  ecomm  - ***************Test Case Execution Ends********************
[TestNG] INFO  ecomm  - ***************Test Case Execution Ends********************
[main] INFO  ecomm  - ***************Test Execution Ends***********************
[main] INFO  ecomm  - ***************Test Execution Starts********************
[pool-1-thread-2] INFO  ecomm  - ***************Test Case Execution Starts********************
[pool-2-thread-2] INFO  ecomm  - ***************Test Case Execution Starts********************
[pool-1-thread-1] INFO  ecomm  - ***************Test Case Execution Starts********************
[pool-2-thread-1] INFO  ecomm  - ***************Test Case Execution Starts********************
[pool-2-thread-2] INFO  ecomm  - ***************Test Case Execution Ends********************
[pool-1-thread-1] INFO  ecomm  - ***************Test Case Execution Ends********************
[pool-1-thread-2] INFO  ecomm  - ***************Test Case Execution Ends********************
[pool-2-thread-1] INFO  ecomm  - ***************Test Case Execution Ends********************
[main] INFO  ecomm  - ***************Test Execution Ends***********************
[main] INFO  ecomm  - ***************Test Execution Starts********************
[pool-1-thread-1] INFO  ecomm  - ***************Test Case Execution Starts********************
[pool-1-thread-2] INFO  ecomm  - ***************Test Case Execution Starts********************
[pool-1-thread-1] INFO  ecomm  - ***************Test Case Execution Ends********************
[pool-1-thread-2] INFO  ecomm  - ***************Test Case Execution Ends********************
[pool-2-thread-1] INFO  ecomm  - ***************Test Case Execution Starts********************
[pool-2-thread-2] INFO  ecomm  - ***************Test Case Execution Starts********************
[pool-2-thread-2] INFO  ecomm  - ***************Test Case Execution Ends********************
[pool-2-thread-1] INFO  ecomm  - ***************Test Case Execution Ends********************
[main] INFO  ecomm  - ***************Test Execution Ends***********************
[main] INFO  ecomm  - ***************Test Execution Starts********************
[pool-1-thread-1] INFO  ecomm  - ***************Test Case Execution Starts********************
[pool-1-thread-2] INFO  ecomm  - ***************Test Case Execution Starts********************
[pool-1-thread-2] INFO  ecomm  - ***************Test Case Execution Ends********************
[pool-1-thread-1] INFO  ecomm  - ***************Test Case Execution Ends********************
[pool-2-thread-1] INFO  ecomm  - ***************Test Case Execution Starts********************
[pool-2-thread-2] INFO  ecomm  - ***************Test Case Execution Starts********************
[pool-2-thread-1] INFO  ecomm  - ***************Test Case Execution Ends********************
[pool-2-thread-2] INFO  ecomm  - ***************Test Case Execution Ends********************
[main] INFO  ecomm  - ***************Test Execution Ends***********************
[main] INFO  ecomm  - ***************Test Execution Starts********************
[pool-1-thread-1] INFO  ecomm  - ***************Test Case Execution Starts********************
[pool-1-thread-2] INFO  ecomm  - ***************Test Case Execution Starts********************
[pool-1-thread-2] INFO  ecomm  - ***************Test Case Execution Ends********************
[pool-1-thread-1] INFO  ecomm  - ***************Test Case Execution Ends********************
[pool-2-thread-1] INFO  ecomm  - ***************Test Case Execution Starts********************
[pool-2-thread-2] INFO  ecomm  - ***************Test Case Execution Starts********************
[pool-2-thread-2] INFO  ecomm  - ***************Test Case Execution Ends********************
[pool-2-thread-1] INFO  ecomm  - ***************Test Case Execution Ends********************
[main] INFO  ecomm  - ***************Test Execution Ends***********************
[main] INFO  ecomm  - ***************Test Execution Starts********************
[pool-1-thread-1] INFO  ecomm  - ***************Test Case Execution Starts********************
[pool-1-thread-2] INFO  ecomm  - ***************Test Case Execution Starts********************
[pool-2-thread-2] INFO  ecomm  - ***************Test Case Execution Starts********************
[pool-2-thread-1] INFO  ecomm  - ***************Test Case Execution Starts********************
[pool-2-thread-2] INFO  ecomm  - ***************Test Case Execution Ends********************
[pool-1-thread-2] INFO  ecomm  - ***************Test Case Execution Ends********************
[pool-2-thread-1] INFO  ecomm  - ***************Test Case Execution Ends********************
[pool-1-thread-1] INFO  ecomm  - ***************Test Case Execution Ends********************
[main] INFO  ecomm  - ***************Test Execution Ends***********************
[main] INFO  ecomm  - ***************Test Execution Starts********************
[TestNG] INFO  ecomm  - ***************Test Case Execution Starts********************
[TestNG] INFO  ecomm  - ***************Test Case Execution Starts********************
[TestNG] INFO  ecomm  - ***************Test Case Execution Ends********************
[TestNG] INFO  ecomm  - ***************Test Case Execution Ends********************
[main] INFO  ecomm  - ***************Test Execution Ends***********************
[main] INFO  ecomm  - ***************Test Execution Starts********************
[TestNG] INFO  ecomm  - ***************Test Case Execution Starts********************16
[TestNG] INFO  ecomm  - ***************Test Case Execution Starts********************17
[TestNG] INFO  ecomm  - ***************Test Case Execution Ends********************17
[TestNG] INFO  ecomm  - ***************Test Case Execution Ends********************16
[main] INFO  ecomm  - ***************Test Execution Ends***********************
[main] INFO  ecomm  - ***************Test Execution Starts********************
[TestNG] INFO  ecomm  - ***************Test Case Execution Starts********************17
[TestNG] INFO  ecomm  - ***************Test Case Execution Starts********************16
[TestNG] INFO  ecomm  - ***************Test Case Execution Ends********************16
[TestNG] INFO  ecomm  - ***************Test Case Execution Ends********************17
[main] INFO  ecomm  - ***************Test Execution Ends***********************
[main] INFO  ecomm  - ***************Test Execution Starts********************
[TestNG] INFO  ecomm  - ***************Test Case Execution Starts********************16
[TestNG] INFO  ecomm  - ***************Test Case Execution Starts********************17
[TestNG] INFO  ecomm  - ***************Test Case Execution Ends********************16
[TestNG] INFO  ecomm  - ***************Test Case Execution Ends********************17
[main] INFO  ecomm  - ***************Test Execution Ends***********************
[main] INFO  ecomm  - ***************Test Execution Starts********************
[TestNG] INFO  ecomm  - ***************Test Case Execution Starts********************17
[TestNG] INFO  ecomm  - ***************Test Case Execution Starts********************16
[TestNG] INFO  ecomm  - ***************Test Case Execution Ends********************16
[TestNG] INFO  ecomm  - ***************Test Case Execution Ends********************17
[main] INFO  ecomm  - ***************Test Execution Ends***********************
[main] INFO  ecomm  - ***************Test Execution Starts********************
[TestNG] INFO  ecomm  - ***************Test Case Execution Starts********************16
[TestNG] INFO  ecomm  - ***************Test Case Execution Starts********************17
[TestNG] INFO  ecomm  - ***************Test Case Execution Ends********************16
[TestNG] INFO  ecomm  - ***************Test Case Execution Ends********************17
[main] INFO  ecomm  - ***************Test Execution Ends***********************
[main] INFO  ecomm  - ***************Test Execution Starts********************
[TestNG] INFO  ecomm  - ***************Test Case Execution Starts********************17
[TestNG] INFO  ecomm  - ***************Test Case Execution Starts********************16
[TestNG] INFO  ecomm  - ***************Test Case Execution Ends********************16
[TestNG] INFO  ecomm  - ***************Test Case Execution Ends********************17
[main] INFO  ecomm  - ***************Test Execution Ends***********************
[main] INFO  ecomm  - ***************Test Execution Starts********************
[TestNG] INFO  ecomm  - ***************Test Case Execution Starts********************17
[TestNG] INFO  ecomm  - ***************Test Case Execution Starts********************16
[TestNG] INFO  ecomm  - ***************Test Case Execution Ends********************16
[TestNG] INFO  ecomm  - ***************Test Case Execution Ends********************17
[main] INFO  ecomm  - ***************Test Execution Ends***********************
[main] INFO  ecomm  - ***************Test Execution Starts********************
[TestNG] INFO  ecomm  - ***************Test Case Execution Starts********************16
[TestNG] INFO  ecomm  - ***************Test Case Execution Starts********************17
[TestNG] INFO  ecomm  - ***************Test Case Execution Ends********************16
[TestNG] INFO  ecomm  - ***************Test Case Execution Ends********************17
[main] INFO  ecomm  - ***************Test Execution Ends***********************
[main] INFO  ecomm  - ***************Test Execution Starts********************
[TestNG] INFO  ecomm  - ***************Test Case Execution Starts********************16
[TestNG] INFO  ecomm  - ***************Test Case Execution Starts********************17
[TestNG] INFO  ecomm  - ***************Test Case Execution Ends********************16
[TestNG] INFO  ecomm  - ***************Test Case Execution Ends********************17
[main] INFO  ecomm  - ***************Test Execution Ends***********************
[main] INFO  ecomm  - ***************Test Execution Starts********************
[TestNG] INFO  ecomm  - ***************Test Case Execution Starts********************17
[TestNG] INFO  ecomm  - ***************Test Case Execution Starts********************16
[main] INFO  ecomm  - ***************Test Execution Starts********************
[TestNG] INFO  ecomm  - ***************Test Case Execution Starts********************16
[TestNG] INFO  ecomm  - ***************Test Case Execution Starts********************17
[main] INFO  ecomm  - ***************Test Execution Starts********************
[TestNG] INFO  ecomm  - ***************Test Case Execution Starts********************16
[TestNG] INFO  ecomm  - ***************Test Case Execution Starts********************17
[main] INFO  ecomm  - ***************Test Execution Starts********************
[TestNG] INFO  ecomm  - ***************Test Case Execution Starts********************16
[TestNG] INFO  ecomm  - ***************Test Case Execution Starts********************17
[main] INFO  ecomm  - ***************Test Execution Starts********************
[TestNG] INFO  ecomm  - ***************Test Case Execution Starts********************16
[TestNG] INFO  ecomm  - ***************Test Case Execution Starts********************17
[TestNG] INFO  ecomm  - ***************Test Case Execution Ends********************16
[TestNG] INFO  ecomm  - ***************Test Case Execution Ends********************17
[main] INFO  ecomm  - ***************Test Execution Ends***********************
[main] INFO  ecomm  - ***************Test Execution Starts********************
[TestNG] INFO  ecomm  - ***************Test Case Execution Starts********************16
[TestNG] INFO  ecomm  - ***************Test Case Execution Starts********************17
[TestNG] INFO  ecomm  - ***************Test Case Execution Ends********************16
[TestNG] INFO  ecomm  - ***************Test Case Execution Ends********************17
[main] INFO  ecomm  - ***************Test Execution Ends***********************
[main] INFO  ecomm  - ***************Test Execution Starts********************
[TestNG] INFO  ecomm  - ***************Test Case Execution Starts********************16
[TestNG] INFO  ecomm  - ***************Test Case Execution Starts********************17
[TestNG] INFO  ecomm  - ***************Test Case Execution Ends********************16
[TestNG] INFO  ecomm  - ***************Test Case Execution Ends********************17
[main] INFO  ecomm  - ***************Test Execution Ends***********************
[main] INFO  ecomm  - ***************Test Execution Starts********************
[TestNG] INFO  ecomm  - ***************Test Case Execution Starts********************17
[TestNG] INFO  ecomm  - ***************Test Case Execution Starts********************16
[TestNG] INFO  ecomm  - ***************Test Case Execution Ends********************17
[TestNG] INFO  ecomm  - ***************Test Case Execution Ends********************16
[main] INFO  ecomm  - ***************Test Execution Ends***********************
[main] INFO  ecomm  - ***************Test Execution Starts********************
[TestNG] INFO  ecomm  - ***************Test Case Execution Starts********************16
[TestNG] INFO  ecomm  - ***************Test Case Execution Starts********************17
[TestNG] INFO  ecomm  - ***************Test Case Execution Ends********************16
[TestNG] INFO  ecomm  - ***************Test Case Execution Ends********************17
[main] INFO  ecomm  - ***************Test Execution Ends***********************
[main] INFO  ecomm  - ***************Test Execution Starts********************
[TestNG] INFO  ecomm  - ***************Test Case Execution Starts********************19
[TestNG] INFO  ecomm  - ***************Test Case Execution Starts********************20
[TestNG] INFO  ecomm  - ***************Test Case Execution Ends********************19
[TestNG] INFO  ecomm  - ***************Test Case Execution Ends********************20
[main] INFO  ecomm  - ***************Test Execution Ends***********************
[main] INFO  ecomm  - ***************Test Execution Starts********************
[TestNG] INFO  ecomm  - ***************Test Case Execution Starts********************17
[TestNG] INFO  ecomm  - ***************Test Case Execution Starts********************16
[TestNG] INFO  ecomm  - ***************Test Case Execution Ends********************16
[TestNG] INFO  ecomm  - ***************Test Case Execution Ends********************17
[main] INFO  ecomm  - ***************Test Execution Ends***********************
[main] INFO  ecomm  - ***************Test Execution Starts********************
[TestNG] INFO  ecomm  - ***************Test Case Execution Starts********************20
[TestNG] INFO  ecomm  - ***************Test Case Execution Starts********************19
[TestNG] INFO  ecomm  - ***************Test Case Execution Ends********************19
[TestNG] INFO  ecomm  - ***************Test Case Execution Ends********************20
[main] INFO  ecomm  - ***************Test Execution Ends***********************
[main] INFO  ecomm  - ***************Test Execution Starts********************
[TestNG] INFO  ecomm  - ***************Test Case Execution Starts********************19
[TestNG] INFO  ecomm  - ***************Test Case Execution Starts********************20
[main] INFO  ecomm  - ***************Test Execution Starts********************
[TestNG] INFO  ecomm  - ***************Test Case Execution Starts********************19
[TestNG] INFO  ecomm  - ***************Test Case Execution Starts********************20
[TestNG] INFO  ecomm  - ***************Test Case Execution Ends********************19
[main] INFO  ecomm  - ***************Test Execution Starts********************
[TestNG] INFO  ecomm  - ***************Test Case Execution Starts********************17
[TestNG] INFO  ecomm  - ***************Test Case Execution Starts********************16
[TestNG] INFO  ecomm  - ***************Test Case Execution Ends********************16
[TestNG] INFO  ecomm  - ***************Test Case Execution Ends********************17
[main] INFO  ecomm  - ***************Test Execution Ends***********************
[main] INFO  ecomm  - ***************Test Execution Starts********************
[TestNG] INFO  ecomm  - ***************Test Case Execution Starts********************16
[TestNG] INFO  ecomm  - ***************Test Case Execution Ends********************16
[main] INFO  ecomm  - ***************Test Execution Ends***********************
[main] INFO  ecomm  - ***************Test Execution Starts********************
[TestNG] INFO  ecomm  - ***************Test Case Execution Starts********************16
[main] INFO  ecomm  - ***************Test Execution Starts********************
[TestNG] INFO  ecomm  - ***************Test Case Execution Starts********************16
[TestNG] INFO  ecomm  - ***************Test Case Execution Ends********************16
[main] INFO  ecomm  - ***************Test Execution Ends***********************
[main] INFO  ecomm  - ***************Test Execution Starts********************
[TestNG] INFO  ecomm  - ***************Test Case Execution Starts********************16
[TestNG] INFO  ecomm  - ***************Test Case Execution Ends********************16
[main] INFO  ecomm  - ***************Test Execution Ends***********************
[main] INFO  ecomm  - ***************Test Execution Starts********************
[TestNG] INFO  ecomm  - ***************Test Case Execution Starts********************16
[TestNG] INFO  ecomm  - ***************Test Case Execution Ends********************16
[main] INFO  ecomm  - ***************Test Execution Ends***********************
[main] INFO  ecomm  - ***************Test Execution Starts********************
[TestNG] INFO  ecomm  - ***************Test Case Execution Starts********************16
[TestNG] INFO  ecomm  - ***************Test Case Execution Ends********************16
[main] INFO  ecomm  - ***************Test Execution Ends***********************
[main] INFO  ecomm  - ***************Test Execution Starts********************
[TestNG] INFO  ecomm  - ***************Test Case Execution Starts********************19
[TestNG] INFO  ecomm  - ***************Test Case Execution Ends********************19
[main] INFO  ecomm  - ***************Test Execution Ends***********************
[main] INFO  ecomm  - ***************Test Execution Starts********************
[TestNG] INFO  ecomm  - ***************Test Case Execution Starts********************19
[TestNG] INFO  ecomm  - ***************Test Case Execution Ends********************19
[main] INFO  ecomm  - ***************Test Execution Ends***********************
[main] INFO  ecomm  - ***************Test Execution Starts********************
[TestNG] INFO  ecomm  - ***************Test Case Execution Starts********************19
[TestNG] INFO  ecomm  - ***************Test Case Execution Ends********************19
[main] INFO  ecomm  - ***************Test Execution Ends***********************
[main] INFO  ecomm  - ***************Test Execution Starts********************
[TestNG] INFO  ecomm  - ***************Test Case Execution Starts********************16
[TestNG] INFO  ecomm  - ***************Test Case Execution Ends********************16
[main] INFO  ecomm  - ***************Test Execution Ends***********************
[main] INFO  ecomm  - ***************Test Execution Starts********************
[TestNG] INFO  ecomm  - ***************Test Case Execution Starts********************16
[TestNG] INFO  ecomm  - ***************Test Case Execution Ends********************16
[main] INFO  ecomm  - ***************Test Execution Ends***********************
[main] INFO  ecomm  - ***************Test Execution Starts********************
[TestNG] INFO  ecomm  - ***************Test Case Execution Starts********************19
[TestNG] INFO  ecomm  - ***************Test Case Execution Ends********************19
[main] INFO  ecomm  - ***************Test Execution Ends***********************
[main] INFO  ecomm  - ***************Test Execution Starts********************
[TestNG] INFO  ecomm  - ***************Test Case Execution Starts********************16
[TestNG] INFO  ecomm  - ***************Test Case Execution Ends********************16
[main] INFO  ecomm  - ***************Test Execution Ends***********************
[main] INFO  ecomm  - ***************Test Execution Starts********************
[TestNG] INFO  ecomm  - ***************Test Case Execution Starts********************16
[TestNG] INFO  ecomm  - ***************Test Case Execution Starts********************17
[TestNG] INFO  ecomm  - ***************Test Case Execution Ends********************16
[TestNG] INFO  ecomm  - ***************Test Case Execution Ends********************17
[main] INFO  ecomm  - ***************Test Execution Ends***********************
[main] INFO  ecomm  - ***************Test Execution Starts********************
[TestNG] INFO  ecomm  - ***************Test Case Execution Starts********************17
[TestNG] INFO  ecomm  - ***************Test Case Execution Starts********************16
[TestNG] INFO  ecomm  - ***************Test Case Execution Ends********************17
[TestNG] INFO  ecomm  - ***************Test Case Execution Ends********************16
[main] INFO  ecomm  - ***************Test Execution Ends***********************
[main] INFO  ecomm  - ***************Test Execution Starts********************
[TestNG] INFO  ecomm  - ***************Test Case Execution Starts********************17
[TestNG] INFO  ecomm  - ***************Test Case Execution Starts********************16
[TestNG] INFO  ecomm  - ***************Test Case Execution Ends********************17
[main] INFO  ecomm  - ***************Test Execution Ends***********************
[main] INFO  ecomm  - ***************Test Execution Starts********************
[TestNG] INFO  ecomm  - ***************Test Case Execution Starts********************16
[TestNG] INFO  ecomm  - ***************Test Case Execution Starts********************17
[TestNG] INFO  ecomm  - ***************Test Case Execution Ends********************17
[TestNG] INFO  ecomm  - ***************Test Case Execution Ends********************16
[main] INFO  ecomm  - ***************Test Execution Ends***********************
[main] INFO  ecomm  - ***************Test Execution Starts********************
[TestNG] INFO  ecomm  - ***************Test Case Execution Starts********************16
[TestNG] INFO  ecomm  - ***************Test Case Execution Ends********************16
[main] INFO  ecomm  - ***************Test Execution Ends***********************
[main] INFO  ecomm  - ***************Test Execution Starts********************
[TestNG] INFO  ecomm  - ***************Test Case Execution Starts********************16
